<?xml version="1.0" encoding="UTF-8"?>
<testng-results ignored="0" total="1" passed="1" failed="0" skipped="0">
  <reporter-output>
  </reporter-output>
  <suite started-at="2022-09-16T22:11:22 IST" name="Suite" finished-at="2022-09-16T22:12:05 IST" duration-ms="43408">
    <groups>
      <group name="Sanity">
        <method signature="LoginPageTest.loginTest(java.util.HashMap)[pri:0, instance:com.mystore.testcases.LoginPageTest@3b35a229]" name="loginTest" class="com.mystore.testcases.LoginPageTest"/>
      </group> <!-- Sanity -->
      <group name="Smoke">
        <method signature="LoginPageTest.loginTest(java.util.HashMap)[pri:0, instance:com.mystore.testcases.LoginPageTest@3b35a229]" name="loginTest" class="com.mystore.testcases.LoginPageTest"/>
      </group> <!-- Smoke -->
    </groups>
    <test started-at="2022-09-16T22:11:22 IST" name="SingleTest" finished-at="2022-09-16T22:12:05 IST" duration-ms="43408">
      <class name="com.mystore.testcases.LoginPageTest">
        <test-method is-config="true" signature="loadConfig()[pri:0, instance:com.mystore.testcases.LoginPageTest@3b35a229]" started-at="2022-09-16T22:11:22 IST" name="loadConfig" finished-at="2022-09-16T22:11:22 IST" duration-ms="17" status="PASS">
          <reporter-output>
          </reporter-output>
        </test-method> <!-- loadConfig -->
        <test-method is-config="true" signature="setup(java.lang.String)[pri:0, instance:com.mystore.testcases.LoginPageTest@3b35a229]" started-at="2022-09-16T22:11:22 IST" name="setup" finished-at="2022-09-16T22:11:40 IST" duration-ms="17519" status="PASS">
          <params>
            <param index="0">
              <value>
                <![CDATA[chrome]]>
              </value>
            </param>
          </params>
          <reporter-output>
          </reporter-output>
        </test-method> <!-- setup -->
        <test-method signature="loginTest(java.util.HashMap)[pri:0, instance:com.mystore.testcases.LoginPageTest@3b35a229]" started-at="2022-09-16T22:11:40 IST" name="loginTest" data-provider="CredentialsLogin" finished-at="2022-09-16T22:12:05 IST" duration-ms="25576" status="PASS">
          <params>
            <param index="0">
              <value>
                <![CDATA[{password=admin@123, username=admin@xyz.com}]]>
              </value>
            </param>
          </params>
          <reporter-output>
          </reporter-output>
        </test-method> <!-- loginTest -->
        <test-method is-config="true" signature="tearDown()[pri:0, instance:com.mystore.testcases.LoginPageTest@3b35a229]" started-at="2022-09-16T22:12:05 IST" name="tearDown" finished-at="2022-09-16T22:12:05 IST" duration-ms="69" status="PASS">
          <reporter-output>
          </reporter-output>
        </test-method> <!-- tearDown -->
      </class> <!-- com.mystore.testcases.LoginPageTest -->
    </test> <!-- SingleTest -->
  </suite> <!-- Suite -->
</testng-results>
